<?xml version="1.0" encoding="UTF-8"?>
<!-- Generated by org.testng.reporters.JUnitXMLReporter -->
<testsuite hostname="yasassri-device" name="example" tests="10" failures="1" timestamp="31 Mar 2016 12:16:34 GMT" time="0.017" errors="0">
  <testcase name="testMethod1" time="0.001" classname="org.wso2.carbon.tests.Example1">
    <failure type="java.lang.AssertionError">
      <![CDATA[java.lang.AssertionError
	at org.wso2.carbon.tests.Example1.testMethod1(Example1.java:49)
... Removed 27 stack frames]]>
    </failure>
  </testcase> <!-- testMethod1 -->
  <testcase name="testMethod3" time="0.0" classname="org.wso2.carbon.tests.Example1"/>
  <testcase name="testMethod4" time="0.0" classname="org.wso2.carbon.tests.Example1"/>
  <testcase name="testMethod4" time="0.0" classname="org.wso2.carbon.tests.Example1"/>
  <testcase name="testMethod4" time="0.001" classname="org.wso2.carbon.tests.Example1"/>
  <testcase name="testMethod5" time="0.002" classname="org.wso2.carbon.tests.Example1"/>
  <testcase name="testMethod6" time="0.0" classname="org.wso2.carbon.tests.Example1"/>
  <testcase name="testMethod6" time="0.0" classname="org.wso2.carbon.tests.Example1"/>
  <testcase name="testMethod6" time="0.001" classname="org.wso2.carbon.tests.Example1"/>
  <testcase name="testMethod2" time="0.001" classname="org.wso2.carbon.tests.Example1">
    <skipped/>
  </testcase> <!-- testMethod2 -->
</testsuite> <!-- example -->
