<?xml version="1.0" encoding="UTF-8"?>
<!-- Generated by org.testng.reporters.JUnitXMLReporter -->
<testsuite hostname="yasassri-device" name="example" tests="6" failures="1" timestamp="31 Mar 2016 12:16:34 GMT" time="0.004" errors="0">
  <testcase name="testMethod1CL2" time="0.0" classname="org.wso2.carbon.tests.Example2">
    <failure type="java.lang.AssertionError">
      <![CDATA[java.lang.AssertionError
	at org.wso2.carbon.tests.Example2.testMethod1CL2(Example2.java:49)
... Removed 27 stack frames]]>
    </failure>
  </testcase> <!-- testMethod1CL2 -->
  <testcase name="testMethod2CL2" time="0.001" classname="org.wso2.carbon.tests.Example2"/>
  <testcase name="testMethod3CL2" time="0.0" classname="org.wso2.carbon.tests.Example2"/>
  <testcase name="testMethod4CL2" time="0.0" classname="org.wso2.carbon.tests.Example2"/>
  <testcase name="testMethod4CL2" time="0.0" classname="org.wso2.carbon.tests.Example2"/>
  <testcase name="testMethod4CL2" time="0.0" classname="org.wso2.carbon.tests.Example2"/>
</testsuite> <!-- example -->
